[INFO] Scanning for projects...
[INFO] 
[INFO] ----------------------< com.example:connectOFarm >----------------------
[INFO] Building connectOFarm 0.0.1-SNAPSHOT
[INFO]   from pom.xml
[INFO] --------------------------------[ jar ]---------------------------------
[INFO] 
[INFO] --- clean:3.4.1:clean (default-clean) @ connectOFarm ---
[INFO] Deleting C:\Users\LAKSHMAN\Downloads\connectofarm\connectOFarm\target
[INFO] 
[INFO] --- resources:3.3.1:resources (default-resources) @ connectOFarm ---
[INFO] Copying 1 resource from src\main\resources to target\classes
[INFO] Copying 0 resource from src\main\resources to target\classes
[INFO] 
[INFO] --- compiler:3.14.1:compile (default-compile) @ connectOFarm ---
[INFO] Recompiling the module because of changed source code.
[INFO] Compiling 27 source files with javac [debug parameters release 21] to target\classes
[INFO] /C:/Users/LAKSHMAN/Downloads/connectofarm/connectOFarm/src/main/java/com/example/connectOFarm/configuration/ApplicationConfig.java: Some input files use or override a deprecated API.
[INFO] /C:/Users/LAKSHMAN/Downloads/connectofarm/connectOFarm/src/main/java/com/example/connectOFarm/configuration/ApplicationConfig.java: Recompile with -Xlint:deprecation for details.
[INFO] -------------------------------------------------------------
[ERROR] COMPILATION ERROR : 
[INFO] -------------------------------------------------------------
[ERROR] /C:/Users/LAKSHMAN/Downloads/connectofarm/connectOFarm/src/main/java/com/example/connectOFarm/service/PostService.java:[35,17] cannot find symbol
  symbol:   method image(imageFile [...] null)
  location: class com.example.connectOFarm.models.Post.PostBuilder
[ERROR] /C:/Users/LAKSHMAN/Downloads/connectofarm/connectOFarm/src/main/java/com/example/connectOFarm/service/PostService.java:[81,28] cannot find symbol
  symbol:   method getImage()
  location: variable post of type com.example.connectOFarm.models.Post
[INFO] 2 errors 
[INFO] -------------------------------------------------------------
[INFO] ------------------------------------------------------------------------
[INFO] BUILD FAILURE
[INFO] ------------------------------------------------------------------------
[INFO] Total time:  4.892 s
[INFO] Finished at: 2026-02-08T16:20:14+05:30
[INFO] ------------------------------------------------------------------------
[ERROR] Failed to execute goal org.apache.maven.plugins:maven-compiler-plugin:3.14.1:compile (default-compile) on project connectOFarm: Compilation failure: Compilation failure: 
[ERROR] /C:/Users/LAKSHMAN/Downloads/connectofarm/connectOFarm/src/main/java/com/example/connectOFarm/service/PostService.java:[35,17] cannot find symbol
[ERROR]   symbol:   method image(imageFile [...] null)
[ERROR]   location: class com.example.connectOFarm.models.Post.PostBuilder
[ERROR] /C:/Users/LAKSHMAN/Downloads/connectofarm/connectOFarm/src/main/java/com/example/connectOFarm/service/PostService.java:[81,28] cannot find symbol
[ERROR]   symbol:   method getImage()
[ERROR]   location: variable post of type com.example.connectOFarm.models.Post
[ERROR] -> [Help 1]
[ERROR] 
[ERROR] To see the full stack trace of the errors, re-run Maven with the -e switch.
[ERROR] Re-run Maven using the -X switch to enable full debug logging.
[ERROR] 
[ERROR] For more information about the errors and possible solutions, please read the following articles:
[ERROR] [Help 1] http://cwiki.apache.org/confluence/display/MAVEN/MojoFailureException
