[INFO] Scanning for projects...
[INFO] 
[INFO] ----------------------< com.example:connectOFarm >----------------------
[INFO] Building connectOFarm 0.0.1-SNAPSHOT
[INFO]   from pom.xml
[INFO] --------------------------------[ jar ]---------------------------------
[INFO] 
[INFO] --- clean:3.4.1:clean (default-clean) @ connectOFarm ---
[INFO] Deleting C:\Users\LAKSHMAN\Downloads\connectofarm\connectOFarm\target
[INFO] 
[INFO] --- resources:3.3.1:resources (default-resources) @ connectOFarm ---
[INFO] Copying 1 resource from src\main\resources to target\classes
[INFO] Copying 0 resource from src\main\resources to target\classes
[INFO] 
[INFO] --- compiler:3.14.1:compile (default-compile) @ connectOFarm ---
[INFO] Recompiling the module because of changed source code.
[INFO] Compiling 27 source files with javac [debug parameters release 21] to target\classes
[INFO] -------------------------------------------------------------
[ERROR] COMPILATION ERROR : 
[INFO] -------------------------------------------------------------
[ERROR] /C:/Users/LAKSHMAN/Downloads/connectofarm/connectOFarm/src/main/java/com/example/connectOFarm/models/User.java:[40,6] cannot find symbol
  symbol:   class Column
  location: class com.example.connectOFarm.models.User
[ERROR] /C:/Users/LAKSHMAN/Downloads/connectofarm/connectOFarm/src/main/java/com/example/connectOFarm/models/User.java:[47,6] cannot find symbol
  symbol:   class OneToMany
  location: class com.example.connectOFarm.models.User
[ERROR] /C:/Users/LAKSHMAN/Downloads/connectofarm/connectOFarm/src/main/java/com/example/connectOFarm/models/User.java:[50,6] cannot find symbol
  symbol:   class OneToMany
  location: class com.example.connectOFarm.models.User
[INFO] 3 errors 
[INFO] -------------------------------------------------------------
[INFO] ------------------------------------------------------------------------
[INFO] BUILD FAILURE
[INFO] ------------------------------------------------------------------------
[INFO] Total time:  3.785 s
[INFO] Finished at: 2026-02-08T15:22:54+05:30
[INFO] ------------------------------------------------------------------------
[ERROR] Failed to execute goal org.apache.maven.plugins:maven-compiler-plugin:3.14.1:compile (default-compile) on project connectOFarm: Compilation failure: Compilation failure: 
[ERROR] /C:/Users/LAKSHMAN/Downloads/connectofarm/connectOFarm/src/main/java/com/example/connectOFarm/models/User.java:[40,6] cannot find symbol
[ERROR]   symbol:   class Column
[ERROR]   location: class com.example.connectOFarm.models.User
[ERROR] /C:/Users/LAKSHMAN/Downloads/connectofarm/connectOFarm/src/main/java/com/example/connectOFarm/models/User.java:[47,6] cannot find symbol
[ERROR]   symbol:   class OneToMany
[ERROR]   location: class com.example.connectOFarm.models.User
[ERROR] /C:/Users/LAKSHMAN/Downloads/connectofarm/connectOFarm/src/main/java/com/example/connectOFarm/models/User.java:[50,6] cannot find symbol
[ERROR]   symbol:   class OneToMany
[ERROR]   location: class com.example.connectOFarm.models.User
[ERROR] -> [Help 1]
[ERROR] 
[ERROR] To see the full stack trace of the errors, re-run Maven with the -e switch.
[ERROR] Re-run Maven using the -X switch to enable full debug logging.
[ERROR] 
[ERROR] For more information about the errors and possible solutions, please read the following articles:
[ERROR] [Help 1] http://cwiki.apache.org/confluence/display/MAVEN/MojoFailureException
